app/build/intermediates/manifest_merge_blame_file/debug/processDebugMainManifest/manifest-merger-blame-debug-report.txt
1<?xml version="1.0" encoding="utf-8"?>
2<manifest xmlns:android="http://schemas.android.com/apk/res/android"
3    package="com.example.foodwastemanagement"
4    android:versionCode="1"
5    android:versionName="1.0" >
6
7    <uses-sdk
8        android:minSdkVersion="26"
9        android:targetSdkVersion="34" />
10
11    <!-- Permissions required for Maps and Location (Coarse preferred for privacy as discussed) -->
12    <uses-permission android:name="android.permission.INTERNET" />
12-->src/main/AndroidManifest.xml:5:5-67
12-->src/main/AndroidManifest.xml:5:22-64
13    <uses-permission android:name="android.permission.ACCESS_FINE_LOCATION" />
13-->src/main/AndroidManifest.xml:6:5-79
13-->src/main/AndroidManifest.xml:6:22-76
14    <uses-permission android:name="android.permission.ACCESS_COARSE_LOCATION" />
14-->src/main/AndroidManifest.xml:7:5-81
14-->src/main/AndroidManifest.xml:7:22-78
15    <uses-permission android:name="android.permission.ACCESS_NETWORK_STATE" />
15-->[com.google.firebase:firebase-auth:24.0.1] AndroidManifest.xml:26:5-79
15-->[com.google.firebase:firebase-auth:24.0.1] AndroidManifest.xml:26:22-76
16    <uses-permission android:name="android.permission.POST_NOTIFICATIONS" />
16-->[com.google.firebase:firebase-messaging:25.0.1] AndroidManifest.xml:23:5-77
16-->[com.google.firebase:firebase-messaging:25.0.1] AndroidManifest.xml:23:22-74
17    <uses-permission android:name="android.permission.WAKE_LOCK" /> <!-- Required by older versions of Google Play services to create IID tokens -->
17-->[com.google.firebase:firebase-messaging:25.0.1] AndroidManifest.xml:24:5-68
17-->[com.google.firebase:firebase-messaging:25.0.1] AndroidManifest.xml:24:22-65
18    <uses-permission android:name="com.google.android.c2dm.permission.RECEIVE" />
18-->[com.google.firebase:firebase-messaging:25.0.1] AndroidManifest.xml:26:5-82
18-->[com.google.firebase:firebase-messaging:25.0.1] AndroidManifest.xml:26:22-79
19
20    <uses-feature
20-->[com.google.android.gms:play-services-maps:18.2.0] AndroidManifest.xml:26:5-28:35
21        android:glEsVersion="0x00020000"
21-->[com.google.android.gms:play-services-maps:18.2.0] AndroidManifest.xml:27:9-41
22        android:required="true" />
22-->[com.google.android.gms:play-services-maps:18.2.0] AndroidManifest.xml:28:9-32
23
24    <queries>
24-->[com.google.android.gms:play-services-maps:18.2.0] AndroidManifest.xml:30:5-34:15
25
26        <!-- Needs to be explicitly declared on Android R+ -->
27        <package android:name="com.google.android.apps.maps" />
27-->[com.google.android.gms:play-services-maps:18.2.0] AndroidManifest.xml:33:9-64
27-->[com.google.android.gms:play-services-maps:18.2.0] AndroidManifest.xml:33:18-61
28    </queries>
29
30    <uses-permission android:name="com.google.android.providers.gsf.permission.READ_GSERVICES" />
30-->[com.google.android.recaptcha:recaptcha:18.6.1] AndroidManifest.xml:9:5-98
30-->[com.google.android.recaptcha:recaptcha:18.6.1] AndroidManifest.xml:9:22-95
31
32    <permission
32-->[androidx.core:core:1.9.0] AndroidManifest.xml:22:5-24:47
33        android:name="com.example.foodwastemanagement.DYNAMIC_RECEIVER_NOT_EXPORTED_PERMISSION"
33-->[androidx.core:core:1.9.0] AndroidManifest.xml:23:9-81
34        android:protectionLevel="signature" />
34-->[androidx.core:core:1.9.0] AndroidManifest.xml:24:9-44
35
36    <uses-permission android:name="com.example.foodwastemanagement.DYNAMIC_RECEIVER_NOT_EXPORTED_PERMISSION" />
36-->[androidx.core:core:1.9.0] AndroidManifest.xml:26:5-97
36-->[androidx.core:core:1.9.0] AndroidManifest.xml:26:22-94
37
38    <application
38-->src/main/AndroidManifest.xml:9:5-49:19
39        android:allowBackup="true"
39-->src/main/AndroidManifest.xml:10:9-35
40        android:appComponentFactory="androidx.core.app.CoreComponentFactory"
40-->[androidx.core:core:1.9.0] AndroidManifest.xml:28:18-86
41        android:debuggable="true"
42        android:extractNativeLibs="false"
43        android:label="FoodWasteApp"
43-->src/main/AndroidManifest.xml:11:9-37
44        android:supportsRtl="true"
44-->src/main/AndroidManifest.xml:12:9-35
45        android:testOnly="true"
46        android:theme="@style/Theme.FoodWasteManagement" >
46-->src/main/AndroidManifest.xml:13:9-57
47
48        <!-- Map API Key Placeholder -->
49        <meta-data
49-->src/main/AndroidManifest.xml:16:9-18:71
50            android:name="com.google.android.geo.API_KEY"
50-->src/main/AndroidManifest.xml:17:13-58
51            android:value="AIzaSyArIOIIpeyIuGzDFk70QprgIHdP-u02iMU" />
51-->src/main/AndroidManifest.xml:18:13-68
52
53        <activity
53-->src/main/AndroidManifest.xml:20:9-27:20
54            android:name="com.example.foodwastemanagement.auth.SplashActivity"
54-->src/main/AndroidManifest.xml:21:13-48
55            android:exported="true" >
55-->src/main/AndroidManifest.xml:22:13-36
56            <intent-filter>
56-->src/main/AndroidManifest.xml:23:13-26:29
57                <action android:name="android.intent.action.MAIN" />
57-->src/main/AndroidManifest.xml:24:17-69
57-->src/main/AndroidManifest.xml:24:25-66
58
59                <category android:name="android.intent.category.LAUNCHER" />
59-->src/main/AndroidManifest.xml:25:17-77
59-->src/main/AndroidManifest.xml:25:27-74
60            </intent-filter>
61        </activity>
62        <activity android:name="com.example.foodwastemanagement.MainActivity" />
62-->src/main/AndroidManifest.xml:29:9-50
62-->src/main/AndroidManifest.xml:29:19-47
63        <activity android:name="com.example.foodwastemanagement.auth.WelcomeActivity" />
63-->src/main/AndroidManifest.xml:30:9-58
63-->src/main/AndroidManifest.xml:30:19-55
64        <activity android:name="com.example.foodwastemanagement.auth.LoginActivity" />
64-->src/main/AndroidManifest.xml:31:9-56
64-->src/main/AndroidManifest.xml:31:19-53
65        <activity android:name="com.example.foodwastemanagement.auth.RegisterActivity" />
65-->src/main/AndroidManifest.xml:32:9-59
65-->src/main/AndroidManifest.xml:32:19-56
66        <activity android:name="com.example.foodwastemanagement.auth.EmailVerificationActivity" />
66-->src/main/AndroidManifest.xml:33:9-68
66-->src/main/AndroidManifest.xml:33:19-65
67        <activity android:name="com.example.foodwastemanagement.donor.DonorDashboardActivity" />
67-->src/main/AndroidManifest.xml:34:9-66
67-->src/main/AndroidManifest.xml:34:19-63
68        <activity android:name="com.example.foodwastemanagement.receiver.ReceiverDashboardActivity" />
68-->src/main/AndroidManifest.xml:35:9-72
68-->src/main/AndroidManifest.xml:35:19-69
69        <activity android:name="com.example.foodwastemanagement.receiver.DonationDetailActivity" />
69-->src/main/AndroidManifest.xml:36:9-69
69-->src/main/AndroidManifest.xml:36:19-66
70        <activity android:name="com.example.foodwastemanagement.admin.AdminDashboardActivity" />
70-->src/main/AndroidManifest.xml:37:9-66
70-->src/main/AndroidManifest.xml:37:19-63
71        <activity android:name="com.example.foodwastemanagement.AboutUsActivity" />
71-->src/main/AndroidManifest.xml:38:9-53
71-->src/main/AndroidManifest.xml:38:19-50
72
73        <!-- FCM Service for receiving push notifications -->
74        <service
74-->src/main/AndroidManifest.xml:41:9-47:19
75            android:name="com.example.foodwastemanagement.services.MyFirebaseMessagingService"
75-->src/main/AndroidManifest.xml:42:13-64
76            android:exported="false" >
76-->src/main/AndroidManifest.xml:43:13-37
77            <intent-filter>
77-->src/main/AndroidManifest.xml:44:13-46:29
78                <action android:name="com.google.firebase.MESSAGING_EVENT" />
78-->src/main/AndroidManifest.xml:45:17-78
78-->src/main/AndroidManifest.xml:45:25-75
79            </intent-filter>
80        </service>
81
82        <activity
82-->[com.google.firebase:firebase-auth:24.0.1] AndroidManifest.xml:29:9-46:20
83            android:name="com.google.firebase.auth.internal.GenericIdpActivity"
83-->[com.google.firebase:firebase-auth:24.0.1] AndroidManifest.xml:30:13-80
84            android:excludeFromRecents="true"
84-->[com.google.firebase:firebase-auth:24.0.1] AndroidManifest.xml:31:13-46
85            android:exported="true"
85-->[com.google.firebase:firebase-auth:24.0.1] AndroidManifest.xml:32:13-36
86            android:launchMode="singleTask"
86-->[com.google.firebase:firebase-auth:24.0.1] AndroidManifest.xml:33:13-44
87            android:theme="@android:style/Theme.Translucent.NoTitleBar" >
87-->[com.google.firebase:firebase-auth:24.0.1] AndroidManifest.xml:34:13-72
88            <intent-filter>
88-->[com.google.firebase:firebase-auth:24.0.1] AndroidManifest.xml:35:13-45:29
89                <action android:name="android.intent.action.VIEW" />
89-->[com.google.firebase:firebase-auth:24.0.1] AndroidManifest.xml:36:17-69
89-->[com.google.firebase:firebase-auth:24.0.1] AndroidManifest.xml:36:25-66
90
91                <category android:name="android.intent.category.DEFAULT" />
91-->[com.google.firebase:firebase-auth:24.0.1] AndroidManifest.xml:38:17-76
91-->[com.google.firebase:firebase-auth:24.0.1] AndroidManifest.xml:38:27-73
92                <category android:name="android.intent.category.BROWSABLE" />
92-->[com.google.firebase:firebase-auth:24.0.1] AndroidManifest.xml:39:17-78
92-->[com.google.firebase:firebase-auth:24.0.1] AndroidManifest.xml:39:27-75
93
94                <data
94-->[com.google.firebase:firebase-auth:24.0.1] AndroidManifest.xml:41:17-44:51
95                    android:host="firebase.auth"
95-->[com.google.firebase:firebase-auth:24.0.1] AndroidManifest.xml:42:21-49
96                    android:path="/"
96-->[com.google.firebase:firebase-auth:24.0.1] AndroidManifest.xml:43:21-37
97                    android:scheme="genericidp" />
97-->[com.google.firebase:firebase-auth:24.0.1] AndroidManifest.xml:44:21-48
98            </intent-filter>
99        </activity>
100        <activity
100-->[com.google.firebase:firebase-auth:24.0.1] AndroidManifest.xml:47:9-64:20
101            android:name="com.google.firebase.auth.internal.RecaptchaActivity"
101-->[com.google.firebase:firebase-auth:24.0.1] AndroidManifest.xml:48:13-79
102            android:excludeFromRecents="true"
102-->[com.google.firebase:firebase-auth:24.0.1] AndroidManifest.xml:49:13-46
103            android:exported="true"
103-->[com.google.firebase:firebase-auth:24.0.1] AndroidManifest.xml:50:13-36
104            android:launchMode="singleTask"
104-->[com.google.firebase:firebase-auth:24.0.1] AndroidManifest.xml:51:13-44
105            android:theme="@android:style/Theme.Translucent.NoTitleBar" >
105-->[com.google.firebase:firebase-auth:24.0.1] AndroidManifest.xml:52:13-72
106            <intent-filter>
106-->[com.google.firebase:firebase-auth:24.0.1] AndroidManifest.xml:53:13-63:29
107                <action android:name="android.intent.action.VIEW" />
107-->[com.google.firebase:firebase-auth:24.0.1] AndroidManifest.xml:36:17-69
107-->[com.google.firebase:firebase-auth:24.0.1] AndroidManifest.xml:36:25-66
108
109                <category android:name="android.intent.category.DEFAULT" />
109-->[com.google.firebase:firebase-auth:24.0.1] AndroidManifest.xml:38:17-76
109-->[com.google.firebase:firebase-auth:24.0.1] AndroidManifest.xml:38:27-73
110                <category android:name="android.intent.category.BROWSABLE" />
110-->[com.google.firebase:firebase-auth:24.0.1] AndroidManifest.xml:39:17-78
110-->[com.google.firebase:firebase-auth:24.0.1] AndroidManifest.xml:39:27-75
111
112                <data
112-->[com.google.firebase:firebase-auth:24.0.1] AndroidManifest.xml:41:17-44:51
113                    android:host="firebase.auth"
113-->[com.google.firebase:firebase-auth:24.0.1] AndroidManifest.xml:42:21-49
114                    android:path="/"
114-->[com.google.firebase:firebase-auth:24.0.1] AndroidManifest.xml:43:21-37
115                    android:scheme="recaptcha" />
115-->[com.google.firebase:firebase-auth:24.0.1] AndroidManifest.xml:44:21-48
116            </intent-filter>
117        </activity>
118
119        <service
119-->[com.google.firebase:firebase-auth:24.0.1] AndroidManifest.xml:66:9-72:19
120            android:name="com.google.firebase.components.ComponentDiscoveryService"
120-->[com.google.firebase:firebase-auth:24.0.1] AndroidManifest.xml:67:13-84
121            android:directBootAware="true"
121-->[com.google.firebase:firebase-common:22.0.1] AndroidManifest.xml:32:13-43
122            android:exported="false" >
122-->[com.google.firebase:firebase-auth:24.0.1] AndroidManifest.xml:68:13-37
123            <meta-data
123-->[com.google.firebase:firebase-auth:24.0.1] AndroidManifest.xml:69:13-71:85
124                android:name="com.google.firebase.components:com.google.firebase.auth.FirebaseAuthRegistrar"
124-->[com.google.firebase:firebase-auth:24.0.1] AndroidManifest.xml:70:17-109
125                android:value="com.google.firebase.components.ComponentRegistrar" />
125-->[com.google.firebase:firebase-auth:24.0.1] AndroidManifest.xml:71:17-82
126            <meta-data
126-->[com.google.firebase:firebase-firestore:26.1.2] AndroidManifest.xml:17:13-19:85
127                android:name="com.google.firebase.components:com.google.firebase.firestore.FirebaseFirestoreKtxRegistrar"
127-->[com.google.firebase:firebase-firestore:26.1.2] AndroidManifest.xml:18:17-122
128                android:value="com.google.firebase.components.ComponentRegistrar" />
128-->[com.google.firebase:firebase-firestore:26.1.2] AndroidManifest.xml:19:17-82
129            <meta-data
129-->[com.google.firebase:firebase-firestore:26.1.2] AndroidManifest.xml:20:13-22:85
130                android:name="com.google.firebase.components:com.google.firebase.firestore.FirestoreRegistrar"
130-->[com.google.firebase:firebase-firestore:26.1.2] AndroidManifest.xml:21:17-111
131                android:value="com.google.firebase.components.ComponentRegistrar" />
131-->[com.google.firebase:firebase-firestore:26.1.2] AndroidManifest.xml:22:17-82
132            <meta-data
132-->[com.google.firebase:firebase-messaging:25.0.1] AndroidManifest.xml:57:13-59:85
133                android:name="com.google.firebase.components:com.google.firebase.messaging.FirebaseMessagingKtxRegistrar"
133-->[com.google.firebase:firebase-messaging:25.0.1] AndroidManifest.xml:58:17-122
134                android:value="com.google.firebase.components.ComponentRegistrar" />
134-->[com.google.firebase:firebase-messaging:25.0.1] AndroidManifest.xml:59:17-82
135            <meta-data
135-->[com.google.firebase:firebase-messaging:25.0.1] AndroidManifest.xml:60:13-62:85
136                android:name="com.google.firebase.components:com.google.firebase.messaging.FirebaseMessagingRegistrar"
136-->[com.google.firebase:firebase-messaging:25.0.1] AndroidManifest.xml:61:17-119
137                android:value="com.google.firebase.components.ComponentRegistrar" />
137-->[com.google.firebase:firebase-messaging:25.0.1] AndroidManifest.xml:62:17-82
138            <meta-data
138-->[com.google.firebase:firebase-installations:19.1.0] AndroidManifest.xml:15:13-17:85
139                android:name="com.google.firebase.components:com.google.firebase.installations.FirebaseInstallationsKtxRegistrar"
139-->[com.google.firebase:firebase-installations:19.1.0] AndroidManifest.xml:16:17-130
140                android:value="com.google.firebase.components.ComponentRegistrar" />
140-->[com.google.firebase:firebase-installations:19.1.0] AndroidManifest.xml:17:17-82
141            <meta-data
141-->[com.google.firebase:firebase-installations:19.1.0] AndroidManifest.xml:18:13-20:85
142                android:name="com.google.firebase.components:com.google.firebase.installations.FirebaseInstallationsRegistrar"
142-->[com.google.firebase:firebase-installations:19.1.0] AndroidManifest.xml:19:17-127
143                android:value="com.google.firebase.components.ComponentRegistrar" />
143-->[com.google.firebase:firebase-installations:19.1.0] AndroidManifest.xml:20:17-82
144            <meta-data
144-->[com.google.firebase:firebase-common:22.0.1] AndroidManifest.xml:35:13-37:85
145                android:name="com.google.firebase.components:com.google.firebase.FirebaseCommonKtxRegistrar"
145-->[com.google.firebase:firebase-common:22.0.1] AndroidManifest.xml:36:17-109
146                android:value="com.google.firebase.components.ComponentRegistrar" />
146-->[com.google.firebase:firebase-common:22.0.1] AndroidManifest.xml:37:17-82
147            <meta-data
147-->[com.google.firebase:firebase-datatransport:18.2.0] AndroidManifest.xml:25:13-27:85
148                android:name="com.google.firebase.components:com.google.firebase.datatransport.TransportRegistrar"
148-->[com.google.firebase:firebase-datatransport:18.2.0] AndroidManifest.xml:26:17-115
149                android:value="com.google.firebase.components.ComponentRegistrar" />
149-->[com.google.firebase:firebase-datatransport:18.2.0] AndroidManifest.xml:27:17-82
150        </service>
151
152        <receiver
152-->[com.google.firebase:firebase-messaging:25.0.1] AndroidManifest.xml:29:9-40:20
153            android:name="com.google.firebase.iid.FirebaseInstanceIdReceiver"
153-->[com.google.firebase:firebase-messaging:25.0.1] AndroidManifest.xml:30:13-78
154            android:exported="true"
154-->[com.google.firebase:firebase-messaging:25.0.1] AndroidManifest.xml:31:13-36
155            android:permission="com.google.android.c2dm.permission.SEND" >
155-->[com.google.firebase:firebase-messaging:25.0.1] AndroidManifest.xml:32:13-73
156            <intent-filter>
156-->[com.google.firebase:firebase-messaging:25.0.1] AndroidManifest.xml:33:13-35:29
157                <action android:name="com.google.android.c2dm.intent.RECEIVE" />
157-->[com.google.firebase:firebase-messaging:25.0.1] AndroidManifest.xml:34:17-81
157-->[com.google.firebase:firebase-messaging:25.0.1] AndroidManifest.xml:34:25-78
158            </intent-filter>
159
160            <meta-data
160-->[com.google.firebase:firebase-messaging:25.0.1] AndroidManifest.xml:37:13-39:40
161                android:name="com.google.android.gms.cloudmessaging.FINISHED_AFTER_HANDLED"
161-->[com.google.firebase:firebase-messaging:25.0.1] AndroidManifest.xml:38:17-92
162                android:value="true" />
162-->[com.google.firebase:firebase-messaging:25.0.1] AndroidManifest.xml:39:17-37
163        </receiver>
164        <!--
165             FirebaseMessagingService performs security checks at runtime,
166             but set to not exported to explicitly avoid allowing another app to call it.
167        -->
168        <service
168-->[com.google.firebase:firebase-messaging:25.0.1] AndroidManifest.xml:46:9-53:19
169            android:name="com.google.firebase.messaging.FirebaseMessagingService"
169-->[com.google.firebase:firebase-messaging:25.0.1] AndroidManifest.xml:47:13-82
170            android:directBootAware="true"
170-->[com.google.firebase:firebase-messaging:25.0.1] AndroidManifest.xml:48:13-43
171            android:exported="false" >
171-->[com.google.firebase:firebase-messaging:25.0.1] AndroidManifest.xml:49:13-37
172            <intent-filter android:priority="-500" >
172-->src/main/AndroidManifest.xml:44:13-46:29
173                <action android:name="com.google.firebase.MESSAGING_EVENT" />
173-->src/main/AndroidManifest.xml:45:17-78
173-->src/main/AndroidManifest.xml:45:25-75
174            </intent-filter>
175        </service> <!-- Needs to be explicitly declared on P+ -->
176        <uses-library
176-->[com.google.android.gms:play-services-maps:18.2.0] AndroidManifest.xml:39:9-41:40
177            android:name="org.apache.http.legacy"
177-->[com.google.android.gms:play-services-maps:18.2.0] AndroidManifest.xml:40:13-50
178            android:required="false" />
178-->[com.google.android.gms:play-services-maps:18.2.0] AndroidManifest.xml:41:13-37
179
180        <meta-data
180-->[com.google.maps.android:android-maps-utils:3.4.0] AndroidManifest.xml:10:9-12:69
181            android:name="com.google.android.gms.version"
181-->[com.google.maps.android:android-maps-utils:3.4.0] AndroidManifest.xml:11:13-58
182            android:value="@integer/google_play_services_version" />
182-->[com.google.maps.android:android-maps-utils:3.4.0] AndroidManifest.xml:12:13-66
183
184        <provider
184-->[com.google.firebase:firebase-common:22.0.1] AndroidManifest.xml:23:9-28:39
185            android:name="com.google.firebase.provider.FirebaseInitProvider"
185-->[com.google.firebase:firebase-common:22.0.1] AndroidManifest.xml:24:13-77
186            android:authorities="com.example.foodwastemanagement.firebaseinitprovider"
186-->[com.google.firebase:firebase-common:22.0.1] AndroidManifest.xml:25:13-72
187            android:directBootAware="true"
187-->[com.google.firebase:firebase-common:22.0.1] AndroidManifest.xml:26:13-43
188            android:exported="false"
188-->[com.google.firebase:firebase-common:22.0.1] AndroidManifest.xml:27:13-37
189            android:initOrder="100" />
189-->[com.google.firebase:firebase-common:22.0.1] AndroidManifest.xml:28:13-36
190
191        <service
191-->[com.google.android.datatransport:transport-backend-cct:3.1.9] AndroidManifest.xml:28:9-34:19
192            android:name="com.google.android.datatransport.runtime.backends.TransportBackendDiscovery"
192-->[com.google.android.datatransport:transport-backend-cct:3.1.9] AndroidManifest.xml:29:13-103
193            android:exported="false" >
193-->[com.google.android.datatransport:transport-backend-cct:3.1.9] AndroidManifest.xml:30:13-37
194            <meta-data
194-->[com.google.android.datatransport:transport-backend-cct:3.1.9] AndroidManifest.xml:31:13-33:39
195                android:name="backend:com.google.android.datatransport.cct.CctBackendFactory"
195-->[com.google.android.datatransport:transport-backend-cct:3.1.9] AndroidManifest.xml:32:17-94
196                android:value="cct" />
196-->[com.google.android.datatransport:transport-backend-cct:3.1.9] AndroidManifest.xml:33:17-36
197        </service>
198        <service
198-->[com.google.android.datatransport:transport-runtime:3.1.9] AndroidManifest.xml:26:9-30:19
199            android:name="com.google.android.datatransport.runtime.scheduling.jobscheduling.JobInfoSchedulerService"
199-->[com.google.android.datatransport:transport-runtime:3.1.9] AndroidManifest.xml:27:13-117
200            android:exported="false"
200-->[com.google.android.datatransport:transport-runtime:3.1.9] AndroidManifest.xml:28:13-37
201            android:permission="android.permission.BIND_JOB_SERVICE" >
201-->[com.google.android.datatransport:transport-runtime:3.1.9] AndroidManifest.xml:29:13-69
202        </service>
203
204        <receiver
204-->[com.google.android.datatransport:transport-runtime:3.1.9] AndroidManifest.xml:32:9-34:40
205            android:name="com.google.android.datatransport.runtime.scheduling.jobscheduling.AlarmManagerSchedulerBroadcastReceiver"
205-->[com.google.android.datatransport:transport-runtime:3.1.9] AndroidManifest.xml:33:13-132
206            android:exported="false" />
206-->[com.google.android.datatransport:transport-runtime:3.1.9] AndroidManifest.xml:34:13-37
207
208        <service
208-->[androidx.credentials:credentials-play-services-auth:1.2.0-rc01] AndroidManifest.xml:24:9-32:19
209            android:name="androidx.credentials.playservices.CredentialProviderMetadataHolder"
209-->[androidx.credentials:credentials-play-services-auth:1.2.0-rc01] AndroidManifest.xml:25:13-94
210            android:enabled="true"
210-->[androidx.credentials:credentials-play-services-auth:1.2.0-rc01] AndroidManifest.xml:26:13-35
211            android:exported="false" >
211-->[androidx.credentials:credentials-play-services-auth:1.2.0-rc01] AndroidManifest.xml:27:13-37
212            <meta-data
212-->[androidx.credentials:credentials-play-services-auth:1.2.0-rc01] AndroidManifest.xml:29:13-31:104
213                android:name="androidx.credentials.CREDENTIAL_PROVIDER_KEY"
213-->[androidx.credentials:credentials-play-services-auth:1.2.0-rc01] AndroidManifest.xml:30:17-76
214                android:value="androidx.credentials.playservices.CredentialProviderPlayServicesImpl" />
214-->[androidx.credentials:credentials-play-services-auth:1.2.0-rc01] AndroidManifest.xml:31:17-101
215        </service>
216
217        <activity
217-->[androidx.credentials:credentials-play-services-auth:1.2.0-rc01] AndroidManifest.xml:34:9-41:20
218            android:name="androidx.credentials.playservices.HiddenActivity"
218-->[androidx.credentials:credentials-play-services-auth:1.2.0-rc01] AndroidManifest.xml:35:13-76
219            android:configChanges="orientation|screenSize|screenLayout|keyboardHidden"
219-->[androidx.credentials:credentials-play-services-auth:1.2.0-rc01] AndroidManifest.xml:36:13-87
220            android:enabled="true"
220-->[androidx.credentials:credentials-play-services-auth:1.2.0-rc01] AndroidManifest.xml:37:13-35
221            android:exported="false"
221-->[androidx.credentials:credentials-play-services-auth:1.2.0-rc01] AndroidManifest.xml:38:13-37
222            android:fitsSystemWindows="true"
222-->[androidx.credentials:credentials-play-services-auth:1.2.0-rc01] AndroidManifest.xml:39:13-45
223            android:theme="@style/Theme.Hidden" >
223-->[androidx.credentials:credentials-play-services-auth:1.2.0-rc01] AndroidManifest.xml:40:13-48
224        </activity>
225        <activity
225-->[com.google.android.gms:play-services-auth:20.7.0] AndroidManifest.xml:23:9-27:75
226            android:name="com.google.android.gms.auth.api.signin.internal.SignInHubActivity"
226-->[com.google.android.gms:play-services-auth:20.7.0] AndroidManifest.xml:24:13-93
227            android:excludeFromRecents="true"
227-->[com.google.android.gms:play-services-auth:20.7.0] AndroidManifest.xml:25:13-46
228            android:exported="false"
228-->[com.google.android.gms:play-services-auth:20.7.0] AndroidManifest.xml:26:13-37
229            android:theme="@android:style/Theme.Translucent.NoTitleBar" />
229-->[com.google.android.gms:play-services-auth:20.7.0] AndroidManifest.xml:27:13-72
230        <!--
231            Service handling Google Sign-In user revocation. For apps that do not integrate with
232            Google Sign-In, this service will never be started.
233        -->
234        <service
234-->[com.google.android.gms:play-services-auth:20.7.0] AndroidManifest.xml:33:9-37:51
235            android:name="com.google.android.gms.auth.api.signin.RevocationBoundService"
235-->[com.google.android.gms:play-services-auth:20.7.0] AndroidManifest.xml:34:13-89
236            android:exported="true"
236-->[com.google.android.gms:play-services-auth:20.7.0] AndroidManifest.xml:35:13-36
237            android:permission="com.google.android.gms.auth.api.signin.permission.REVOCATION_NOTIFICATION"
237-->[com.google.android.gms:play-services-auth:20.7.0] AndroidManifest.xml:36:13-107
238            android:visibleToInstantApps="true" />
238-->[com.google.android.gms:play-services-auth:20.7.0] AndroidManifest.xml:37:13-48
239
240        <activity
240-->[com.google.android.gms:play-services-base:18.9.0] AndroidManifest.xml:20:9-22:45
241            android:name="com.google.android.gms.common.api.GoogleApiActivity"
241-->[com.google.android.gms:play-services-base:18.9.0] AndroidManifest.xml:20:19-85
242            android:exported="false"
242-->[com.google.android.gms:play-services-base:18.9.0] AndroidManifest.xml:22:19-43
243            android:theme="@android:style/Theme.Translucent.NoTitleBar" />
243-->[com.google.android.gms:play-services-base:18.9.0] AndroidManifest.xml:21:19-78
244
245        <provider
245-->[androidx.emoji2:emoji2:1.2.0] AndroidManifest.xml:24:9-32:20
246            android:name="androidx.startup.InitializationProvider"
246-->[androidx.emoji2:emoji2:1.2.0] AndroidManifest.xml:25:13-67
247            android:authorities="com.example.foodwastemanagement.androidx-startup"
247-->[androidx.emoji2:emoji2:1.2.0] AndroidManifest.xml:26:13-68
248            android:exported="false" >
248-->[androidx.emoji2:emoji2:1.2.0] AndroidManifest.xml:27:13-37
249            <meta-data
249-->[androidx.emoji2:emoji2:1.2.0] AndroidManifest.xml:29:13-31:52
250                android:name="androidx.emoji2.text.EmojiCompatInitializer"
250-->[androidx.emoji2:emoji2:1.2.0] AndroidManifest.xml:30:17-75
251                android:value="androidx.startup" />
251-->[androidx.emoji2:emoji2:1.2.0] AndroidManifest.xml:31:17-49
252            <meta-data
252-->[androidx.lifecycle:lifecycle-process:2.6.1] AndroidManifest.xml:29:13-31:52
253                android:name="androidx.lifecycle.ProcessLifecycleInitializer"
253-->[androidx.lifecycle:lifecycle-process:2.6.1] AndroidManifest.xml:30:17-78
254                android:value="androidx.startup" />
254-->[androidx.lifecycle:lifecycle-process:2.6.1] AndroidManifest.xml:31:17-49
255            <meta-data
255-->[androidx.profileinstaller:profileinstaller:1.3.0] AndroidManifest.xml:29:13-31:52
256                android:name="androidx.profileinstaller.ProfileInstallerInitializer"
256-->[androidx.profileinstaller:profileinstaller:1.3.0] AndroidManifest.xml:30:17-85
257                android:value="androidx.startup" />
257-->[androidx.profileinstaller:profileinstaller:1.3.0] AndroidManifest.xml:31:17-49
258        </provider>
259
260        <receiver
260-->[androidx.profileinstaller:profileinstaller:1.3.0] AndroidManifest.xml:34:9-52:20
261            android:name="androidx.profileinstaller.ProfileInstallReceiver"
261-->[androidx.profileinstaller:profileinstaller:1.3.0] AndroidManifest.xml:35:13-76
262            android:directBootAware="false"
262-->[androidx.profileinstaller:profileinstaller:1.3.0] AndroidManifest.xml:36:13-44
263            android:enabled="true"
263-->[androidx.profileinstaller:profileinstaller:1.3.0] AndroidManifest.xml:37:13-35
264            android:exported="true"
264-->[androidx.profileinstaller:profileinstaller:1.3.0] AndroidManifest.xml:38:13-36